<?xml version="1.0" encoding="utf-8"?>
<TestRun id="285c1d7e-6cf3-4aef-adf1-ee7a13926dc8" name="ebcak@BURAK 2023-05-10 18:44:11" runUser="BURAK\ebcak" xmlns="http://microsoft.com/schemas/VisualStudio/TeamTest/2010">
  <Times creation="2023-05-10T18:44:11.9698169+03:00" queuing="2023-05-10T18:44:11.9698171+03:00" start="2023-05-10T18:44:10.7766957+03:00" finish="2023-05-10T18:44:12.0831060+03:00" />
  <TestSettings name="default" id="398197ba-46f1-4883-86f5-66d652140fc1">
    <Deployment runDeploymentRoot="ebcak_BURAK_2023-05-10_18_44_11" />
  </TestSettings>
  <Results>
    <UnitTestResult executionId="739a3df8-f6f9-4788-9711-257de8353885" testId="a6e04862-ca56-4bb1-96ef-ef5b14e7b8aa" testName="AlgorithmTests.KruskalAlgorithmTest.WorstCase" computerName="BURAK" duration="00:00:00.0001678" startTime="2023-05-10T18:44:11.9234442+03:00" endTime="2023-05-10T18:44:11.9234442+03:00" testType="13cdc9d9-ddb5-4fa4-a97d-d965ccfc6d4b" outcome="Passed" testListId="8c84fa94-04c1-424b-9868-57a2d4851a1d" relativeResultsDirectory="739a3df8-f6f9-4788-9711-257de8353885" />
    <UnitTestResult executionId="1d5aa7f0-f8c8-45f8-bc17-e645ff7629a3" testId="6a65c67e-4c6f-d7ae-8dc4-9a32da04c6aa" testName="AlgorithmTests.BelmannFordAlgorithmTest.AverageCase" computerName="BURAK" duration="00:00:00.0019754" startTime="2023-05-10T18:44:11.9236668+03:00" endTime="2023-05-10T18:44:11.9236669+03:00" testType="13cdc9d9-ddb5-4fa4-a97d-d965ccfc6d4b" outcome="Passed" testListId="8c84fa94-04c1-424b-9868-57a2d4851a1d" relativeResultsDirectory="1d5aa7f0-f8c8-45f8-bc17-e645ff7629a3" />
    <UnitTestResult executionId="43d75464-8693-4314-82ab-45364a0d26b9" testId="868c4ea0-4508-2cb0-b2e7-45c99d7d09b7" testName="AlgorithmTests.BelmannFordAlgorithmTest.BestCase" computerName="BURAK" duration="00:00:00.0043574" startTime="2023-05-10T18:44:11.9156410+03:00" endTime="2023-05-10T18:44:11.9156557+03:00" testType="13cdc9d9-ddb5-4fa4-a97d-d965ccfc6d4b" outcome="Passed" testListId="8c84fa94-04c1-424b-9868-57a2d4851a1d" relativeResultsDirectory="43d75464-8693-4314-82ab-45364a0d26b9" />
    <UnitTestResult executionId="3575faa9-fc28-4838-9bb0-cec0cff09b15" testId="adf30842-d3db-580b-f996-c41e40929a1a" testName="AlgorithmTests.HuffmanCodingTest.Mp3FileCompressTest" computerName="BURAK" duration="00:00:00.0002349" startTime="2023-05-10T18:44:11.9495786+03:00" endTime="2023-05-10T18:44:11.9495786+03:00" testType="13cdc9d9-ddb5-4fa4-a97d-d965ccfc6d4b" outcome="Failed" testListId="8c84fa94-04c1-424b-9868-57a2d4851a1d" relativeResultsDirectory="3575faa9-fc28-4838-9bb0-cec0cff09b15">
      <Output>
        <ErrorInfo>
          <Message>System.IO.FileNotFoundException : Could not find file 'C:\Users\ebcak\source\repos\ce100-hw3-sln\UnitTest\bin\Release\net6.0\Test\Test.mp3'.</Message>
          <StackTrace>   at System.IO.FileInfo.get_Length()&#xD;
   at AlgorithmTests.HuffmanCodingTest.Mp3FileCompressTest() in C:\Users\ebcak\source\repos\ce100-hw3-sln\UnitTest\UnitTest.cs:line 350</StackTrace>
        </ErrorInfo>
      </Output>
    </UnitTestResult>
    <UnitTestResult executionId="e7bf363e-3158-4266-bb2b-3d56d2472269" testId="25730027-421f-8ba8-9061-e68c18789b0d" testName="AlgorithmTests.HuffmanCoding.TextFileAndSoundFileSizeTest" computerName="BURAK" duration="00:00:00.0038252" startTime="2023-05-10T18:44:11.9297630+03:00" endTime="2023-05-10T18:44:11.9297632+03:00" testType="13cdc9d9-ddb5-4fa4-a97d-d965ccfc6d4b" outcome="Failed" testListId="8c84fa94-04c1-424b-9868-57a2d4851a1d" relativeResultsDirectory="e7bf363e-3158-4266-bb2b-3d56d2472269">
      <Output>
        <ErrorInfo>
          <Message>System.IO.FileNotFoundException : Could not find file 'C:\Users\ebcak\source\repos\ce100-hw3-sln\UnitTest\bin\Release\net6.0\Test\Test.mp3'.</Message>
          <StackTrace>   at System.IO.FileInfo.get_Length()&#xD;
   at AlgorithmTests.HuffmanCoding.TextFileAndSoundFileSizeTest() in C:\Users\ebcak\source\repos\ce100-hw3-sln\UnitTest\UnitTest.cs:line 215</StackTrace>
        </ErrorInfo>
      </Output>
    </UnitTestResult>
    <UnitTestResult executionId="5a137988-89b2-4c4b-a0d9-dd0b9c7b98f6" testId="1ad14d07-0b19-af31-49ed-d2eeb059e8fa" testName="AlgorithmTests.KruskalAlgorithmTest.AverageCase" computerName="BURAK" duration="00:00:00.0063520" startTime="2023-05-10T18:44:11.9231339+03:00" endTime="2023-05-10T18:44:11.9231341+03:00" testType="13cdc9d9-ddb5-4fa4-a97d-d965ccfc6d4b" outcome="Passed" testListId="8c84fa94-04c1-424b-9868-57a2d4851a1d" relativeResultsDirectory="5a137988-89b2-4c4b-a0d9-dd0b9c7b98f6" />
    <UnitTestResult executionId="bc9b66b9-3e27-4a1e-a15a-90ee6f5931bf" testId="a8fa783f-4d58-9073-a3af-ce75d473bae8" testName="AlgorithmTests.HuffmanCodingTest.Mp3FileDecompressTest" computerName="BURAK" duration="00:00:00.0003446" startTime="2023-05-10T18:44:11.9302909+03:00" endTime="2023-05-10T18:44:11.9302910+03:00" testType="13cdc9d9-ddb5-4fa4-a97d-d965ccfc6d4b" outcome="Failed" testListId="8c84fa94-04c1-424b-9868-57a2d4851a1d" relativeResultsDirectory="bc9b66b9-3e27-4a1e-a15a-90ee6f5931bf">
      <Output>
        <ErrorInfo>
          <Message>System.IO.FileNotFoundException : Could not find file 'C:\Users\ebcak\source\repos\ce100-hw3-sln\UnitTest\bin\Release\net6.0\Test\Test.mp3'.</Message>
          <StackTrace>   at System.IO.FileInfo.get_Length()&#xD;
   at AlgorithmTests.HuffmanCodingTest.Mp3FileDecompressTest() in C:\Users\ebcak\source\repos\ce100-hw3-sln\UnitTest\UnitTest.cs:line 381</StackTrace>
        </ErrorInfo>
      </Output>
    </UnitTestResult>
    <UnitTestResult executionId="2f8afa7f-b739-49ad-a7f3-be7829c73d6d" testId="0050e996-cd65-4b2c-e417-cbb494a06b91" testName="AlgorithmTests.KruskalAlgorithmTest.BestCase" computerName="BURAK" duration="00:00:00.0017665" startTime="2023-05-10T18:44:11.9235929+03:00" endTime="2023-05-10T18:44:11.9235929+03:00" testType="13cdc9d9-ddb5-4fa4-a97d-d965ccfc6d4b" outcome="Passed" testListId="8c84fa94-04c1-424b-9868-57a2d4851a1d" relativeResultsDirectory="2f8afa7f-b739-49ad-a7f3-be7829c73d6d" />
    <UnitTestResult executionId="305af904-28fa-46fe-9746-347b532afb89" testId="e0aa0750-ed4f-a530-01cb-9ee9e5f17d23" testName="AlgorithmTests.IkeaProblemTest.IkeaProblemAlgorithm" computerName="BURAK" duration="00:00:00.0084431" startTime="2023-05-10T18:44:11.9238237+03:00" endTime="2023-05-10T18:44:11.9238238+03:00" testType="13cdc9d9-ddb5-4fa4-a97d-d965ccfc6d4b" outcome="Passed" testListId="8c84fa94-04c1-424b-9868-57a2d4851a1d" relativeResultsDirectory="305af904-28fa-46fe-9746-347b532afb89" />
    <UnitTestResult executionId="d5eba5b8-d6b4-41d7-9c37-f537d6759f0c" testId="4d2109aa-e5fc-df95-2684-aa5fbf8f343b" testName="AlgorithmTests.HuffmanCodingTest.TextFileCompressTest" computerName="BURAK" duration="00:00:00.0002618" startTime="2023-05-10T18:44:11.9491805+03:00" endTime="2023-05-10T18:44:11.9491807+03:00" testType="13cdc9d9-ddb5-4fa4-a97d-d965ccfc6d4b" outcome="Failed" testListId="8c84fa94-04c1-424b-9868-57a2d4851a1d" relativeResultsDirectory="d5eba5b8-d6b4-41d7-9c37-f537d6759f0c">
      <Output>
        <ErrorInfo>
          <Message>System.IO.FileNotFoundException : Could not find file 'C:\Users\ebcak\source\repos\ce100-hw3-sln\UnitTest\bin\Release\net6.0\Test\CompressedText'.</Message>
          <StackTrace>   at System.IO.FileInfo.get_Length()&#xD;
   at AlgorithmTests.HuffmanCodingTest.TextFileCompressTest() in C:\Users\ebcak\source\repos\ce100-hw3-sln\UnitTest\UnitTest.cs:line 336</StackTrace>
        </ErrorInfo>
      </Output>
    </UnitTestResult>
    <UnitTestResult executionId="c3d192b0-7569-4701-99f0-bc03871ec50d" testId="053dba3c-2b7f-e009-1a71-b6824c31a6fb" testName="AlgorithmTests.HuffmanCodingTest.TextFileDecompressTest" computerName="BURAK" duration="00:00:00.0002486" startTime="2023-05-10T18:44:11.9498819+03:00" endTime="2023-05-10T18:44:11.9498820+03:00" testType="13cdc9d9-ddb5-4fa4-a97d-d965ccfc6d4b" outcome="Failed" testListId="8c84fa94-04c1-424b-9868-57a2d4851a1d" relativeResultsDirectory="c3d192b0-7569-4701-99f0-bc03871ec50d">
      <Output>
        <ErrorInfo>
          <Message>System.IO.FileNotFoundException : Could not find file 'C:\Users\ebcak\source\repos\ce100-hw3-sln\UnitTest\bin\Release\net6.0\Test\Test.txt'.</Message>
          <StackTrace>   at System.IO.FileInfo.get_Length()&#xD;
   at AlgorithmTests.HuffmanCodingTest.TextFileDecompressTest() in C:\Users\ebcak\source\repos\ce100-hw3-sln\UnitTest\UnitTest.cs:line 366</StackTrace>
        </ErrorInfo>
      </Output>
    </UnitTestResult>
    <UnitTestResult executionId="401eeead-9774-46b1-9853-314bf9bbb798" testId="be36c7e1-bcfb-53d5-a10b-dcdff409b80c" testName="AlgorithmTests.BelmannFordAlgorithmTest.WorstCase" computerName="BURAK" duration="00:00:00.0001915" startTime="2023-05-10T18:44:11.9239119+03:00" endTime="2023-05-10T18:44:11.9239120+03:00" testType="13cdc9d9-ddb5-4fa4-a97d-d965ccfc6d4b" outcome="Passed" testListId="8c84fa94-04c1-424b-9868-57a2d4851a1d" relativeResultsDirectory="401eeead-9774-46b1-9853-314bf9bbb798" />
  </Results>
  <TestDefinitions>
    <UnitTest name="AlgorithmTests.BelmannFordAlgorithmTest.BestCase" storage="c:\users\ebcak\source\repos\ce100-hw3-sln\unittest\bin\release\net6.0\ce100-hw3-algo-test-cs.dll" id="868c4ea0-4508-2cb0-b2e7-45c99d7d09b7">
      <Execution id="43d75464-8693-4314-82ab-45364a0d26b9" />
      <TestMethod codeBase="C:\Users\ebcak\source\repos\ce100-hw3-sln\UnitTest\bin\Release\net6.0\ce100-hw3-algo-test-cs.dll" adapterTypeName="executor://xunit/VsTestRunner2/netcoreapp" className="AlgorithmTests.BelmannFordAlgorithmTest" name="BestCase" />
    </UnitTest>
    <UnitTest name="AlgorithmTests.BelmannFordAlgorithmTest.AverageCase" storage="c:\users\ebcak\source\repos\ce100-hw3-sln\unittest\bin\release\net6.0\ce100-hw3-algo-test-cs.dll" id="6a65c67e-4c6f-d7ae-8dc4-9a32da04c6aa">
      <Execution id="1d5aa7f0-f8c8-45f8-bc17-e645ff7629a3" />
      <TestMethod codeBase="C:\Users\ebcak\source\repos\ce100-hw3-sln\UnitTest\bin\Release\net6.0\ce100-hw3-algo-test-cs.dll" adapterTypeName="executor://xunit/VsTestRunner2/netcoreapp" className="AlgorithmTests.BelmannFordAlgorithmTest" name="AverageCase" />
    </UnitTest>
    <UnitTest name="AlgorithmTests.KruskalAlgorithmTest.AverageCase" storage="c:\users\ebcak\source\repos\ce100-hw3-sln\unittest\bin\release\net6.0\ce100-hw3-algo-test-cs.dll" id="1ad14d07-0b19-af31-49ed-d2eeb059e8fa">
      <Execution id="5a137988-89b2-4c4b-a0d9-dd0b9c7b98f6" />
      <TestMethod codeBase="C:\Users\ebcak\source\repos\ce100-hw3-sln\UnitTest\bin\Release\net6.0\ce100-hw3-algo-test-cs.dll" adapterTypeName="executor://xunit/VsTestRunner2/netcoreapp" className="AlgorithmTests.KruskalAlgorithmTest" name="AverageCase" />
    </UnitTest>
    <UnitTest name="AlgorithmTests.HuffmanCodingTest.TextFileCompressTest" storage="c:\users\ebcak\source\repos\ce100-hw3-sln\unittest\bin\release\net6.0\ce100-hw3-algo-test-cs.dll" id="4d2109aa-e5fc-df95-2684-aa5fbf8f343b">
      <Execution id="d5eba5b8-d6b4-41d7-9c37-f537d6759f0c" />
      <TestMethod codeBase="C:\Users\ebcak\source\repos\ce100-hw3-sln\UnitTest\bin\Release\net6.0\ce100-hw3-algo-test-cs.dll" adapterTypeName="executor://xunit/VsTestRunner2/netcoreapp" className="AlgorithmTests.HuffmanCodingTest" name="TextFileCompressTest" />
    </UnitTest>
    <UnitTest name="AlgorithmTests.IkeaProblemTest.IkeaProblemAlgorithm" storage="c:\users\ebcak\source\repos\ce100-hw3-sln\unittest\bin\release\net6.0\ce100-hw3-algo-test-cs.dll" id="e0aa0750-ed4f-a530-01cb-9ee9e5f17d23">
      <Execution id="305af904-28fa-46fe-9746-347b532afb89" />
      <TestMethod codeBase="C:\Users\ebcak\source\repos\ce100-hw3-sln\UnitTest\bin\Release\net6.0\ce100-hw3-algo-test-cs.dll" adapterTypeName="executor://xunit/VsTestRunner2/netcoreapp" className="AlgorithmTests.IkeaProblemTest" name="IkeaProblemAlgorithm" />
    </UnitTest>
    <UnitTest name="AlgorithmTests.KruskalAlgorithmTest.BestCase" storage="c:\users\ebcak\source\repos\ce100-hw3-sln\unittest\bin\release\net6.0\ce100-hw3-algo-test-cs.dll" id="0050e996-cd65-4b2c-e417-cbb494a06b91">
      <Execution id="2f8afa7f-b739-49ad-a7f3-be7829c73d6d" />
      <TestMethod codeBase="C:\Users\ebcak\source\repos\ce100-hw3-sln\UnitTest\bin\Release\net6.0\ce100-hw3-algo-test-cs.dll" adapterTypeName="executor://xunit/VsTestRunner2/netcoreapp" className="AlgorithmTests.KruskalAlgorithmTest" name="BestCase" />
    </UnitTest>
    <UnitTest name="AlgorithmTests.BelmannFordAlgorithmTest.WorstCase" storage="c:\users\ebcak\source\repos\ce100-hw3-sln\unittest\bin\release\net6.0\ce100-hw3-algo-test-cs.dll" id="be36c7e1-bcfb-53d5-a10b-dcdff409b80c">
      <Execution id="401eeead-9774-46b1-9853-314bf9bbb798" />
      <TestMethod codeBase="C:\Users\ebcak\source\repos\ce100-hw3-sln\UnitTest\bin\Release\net6.0\ce100-hw3-algo-test-cs.dll" adapterTypeName="executor://xunit/VsTestRunner2/netcoreapp" className="AlgorithmTests.BelmannFordAlgorithmTest" name="WorstCase" />
    </UnitTest>
    <UnitTest name="AlgorithmTests.HuffmanCodingTest.Mp3FileCompressTest" storage="c:\users\ebcak\source\repos\ce100-hw3-sln\unittest\bin\release\net6.0\ce100-hw3-algo-test-cs.dll" id="adf30842-d3db-580b-f996-c41e40929a1a">
      <Execution id="3575faa9-fc28-4838-9bb0-cec0cff09b15" />
      <TestMethod codeBase="C:\Users\ebcak\source\repos\ce100-hw3-sln\UnitTest\bin\Release\net6.0\ce100-hw3-algo-test-cs.dll" adapterTypeName="executor://xunit/VsTestRunner2/netcoreapp" className="AlgorithmTests.HuffmanCodingTest" name="Mp3FileCompressTest" />
    </UnitTest>
    <UnitTest name="AlgorithmTests.HuffmanCodingTest.Mp3FileDecompressTest" storage="c:\users\ebcak\source\repos\ce100-hw3-sln\unittest\bin\release\net6.0\ce100-hw3-algo-test-cs.dll" id="a8fa783f-4d58-9073-a3af-ce75d473bae8">
      <Execution id="bc9b66b9-3e27-4a1e-a15a-90ee6f5931bf" />
      <TestMethod codeBase="C:\Users\ebcak\source\repos\ce100-hw3-sln\UnitTest\bin\Release\net6.0\ce100-hw3-algo-test-cs.dll" adapterTypeName="executor://xunit/VsTestRunner2/netcoreapp" className="AlgorithmTests.HuffmanCodingTest" name="Mp3FileDecompressTest" />
    </UnitTest>
    <UnitTest name="AlgorithmTests.KruskalAlgorithmTest.WorstCase" storage="c:\users\ebcak\source\repos\ce100-hw3-sln\unittest\bin\release\net6.0\ce100-hw3-algo-test-cs.dll" id="a6e04862-ca56-4bb1-96ef-ef5b14e7b8aa">
      <Execution id="739a3df8-f6f9-4788-9711-257de8353885" />
      <TestMethod codeBase="C:\Users\ebcak\source\repos\ce100-hw3-sln\UnitTest\bin\Release\net6.0\ce100-hw3-algo-test-cs.dll" adapterTypeName="executor://xunit/VsTestRunner2/netcoreapp" className="AlgorithmTests.KruskalAlgorithmTest" name="WorstCase" />
    </UnitTest>
    <UnitTest name="AlgorithmTests.HuffmanCodingTest.TextFileDecompressTest" storage="c:\users\ebcak\source\repos\ce100-hw3-sln\unittest\bin\release\net6.0\ce100-hw3-algo-test-cs.dll" id="053dba3c-2b7f-e009-1a71-b6824c31a6fb">
      <Execution id="c3d192b0-7569-4701-99f0-bc03871ec50d" />
      <TestMethod codeBase="C:\Users\ebcak\source\repos\ce100-hw3-sln\UnitTest\bin\Release\net6.0\ce100-hw3-algo-test-cs.dll" adapterTypeName="executor://xunit/VsTestRunner2/netcoreapp" className="AlgorithmTests.HuffmanCodingTest" name="TextFileDecompressTest" />
    </UnitTest>
    <UnitTest name="AlgorithmTests.HuffmanCoding.TextFileAndSoundFileSizeTest" storage="c:\users\ebcak\source\repos\ce100-hw3-sln\unittest\bin\release\net6.0\ce100-hw3-algo-test-cs.dll" id="25730027-421f-8ba8-9061-e68c18789b0d">
      <Execution id="e7bf363e-3158-4266-bb2b-3d56d2472269" />
      <TestMethod codeBase="C:\Users\ebcak\source\repos\ce100-hw3-sln\UnitTest\bin\Release\net6.0\ce100-hw3-algo-test-cs.dll" adapterTypeName="executor://xunit/VsTestRunner2/netcoreapp" className="AlgorithmTests.HuffmanCoding" name="TextFileAndSoundFileSizeTest" />
    </UnitTest>
  </TestDefinitions>
  <TestEntries>
    <TestEntry testId="a6e04862-ca56-4bb1-96ef-ef5b14e7b8aa" executionId="739a3df8-f6f9-4788-9711-257de8353885" testListId="8c84fa94-04c1-424b-9868-57a2d4851a1d" />
    <TestEntry testId="6a65c67e-4c6f-d7ae-8dc4-9a32da04c6aa" executionId="1d5aa7f0-f8c8-45f8-bc17-e645ff7629a3" testListId="8c84fa94-04c1-424b-9868-57a2d4851a1d" />
    <TestEntry testId="868c4ea0-4508-2cb0-b2e7-45c99d7d09b7" executionId="43d75464-8693-4314-82ab-45364a0d26b9" testListId="8c84fa94-04c1-424b-9868-57a2d4851a1d" />
    <TestEntry testId="adf30842-d3db-580b-f996-c41e40929a1a" executionId="3575faa9-fc28-4838-9bb0-cec0cff09b15" testListId="8c84fa94-04c1-424b-9868-57a2d4851a1d" />
    <TestEntry testId="25730027-421f-8ba8-9061-e68c18789b0d" executionId="e7bf363e-3158-4266-bb2b-3d56d2472269" testListId="8c84fa94-04c1-424b-9868-57a2d4851a1d" />
    <TestEntry testId="1ad14d07-0b19-af31-49ed-d2eeb059e8fa" executionId="5a137988-89b2-4c4b-a0d9-dd0b9c7b98f6" testListId="8c84fa94-04c1-424b-9868-57a2d4851a1d" />
    <TestEntry testId="a8fa783f-4d58-9073-a3af-ce75d473bae8" executionId="bc9b66b9-3e27-4a1e-a15a-90ee6f5931bf" testListId="8c84fa94-04c1-424b-9868-57a2d4851a1d" />
    <TestEntry testId="0050e996-cd65-4b2c-e417-cbb494a06b91" executionId="2f8afa7f-b739-49ad-a7f3-be7829c73d6d" testListId="8c84fa94-04c1-424b-9868-57a2d4851a1d" />
    <TestEntry testId="e0aa0750-ed4f-a530-01cb-9ee9e5f17d23" executionId="305af904-28fa-46fe-9746-347b532afb89" testListId="8c84fa94-04c1-424b-9868-57a2d4851a1d" />
    <TestEntry testId="4d2109aa-e5fc-df95-2684-aa5fbf8f343b" executionId="d5eba5b8-d6b4-41d7-9c37-f537d6759f0c" testListId="8c84fa94-04c1-424b-9868-57a2d4851a1d" />
    <TestEntry testId="053dba3c-2b7f-e009-1a71-b6824c31a6fb" executionId="c3d192b0-7569-4701-99f0-bc03871ec50d" testListId="8c84fa94-04c1-424b-9868-57a2d4851a1d" />
    <TestEntry testId="be36c7e1-bcfb-53d5-a10b-dcdff409b80c" executionId="401eeead-9774-46b1-9853-314bf9bbb798" testListId="8c84fa94-04c1-424b-9868-57a2d4851a1d" />
  </TestEntries>
  <TestLists>
    <TestList name="Results Not in a List" id="8c84fa94-04c1-424b-9868-57a2d4851a1d" />
    <TestList name="All Loaded Results" id="19431567-8539-422a-85d7-44ee4e166bda" />
  </TestLists>
  <ResultSummary outcome="Failed">
    <Counters total="12" executed="12" passed="7" failed="5" error="0" timeout="0" aborted="0" inconclusive="0" passedButRunAborted="0" notRunnable="0" notExecuted="0" disconnected="0" warning="0" completed="0" inProgress="0" pending="0" />
    <Output>
      <StdOut>[xUnit.net 00:00:00.00] xUnit.net VSTest Adapter v2.4.5+1caef2f33e (64-bit .NET 6.0.16)&#xD;
[xUnit.net 00:00:00.28]   Discovering: ce100-hw3-algo-test-cs&#xD;
[xUnit.net 00:00:00.31]   Discovered:  ce100-hw3-algo-test-cs&#xD;
[xUnit.net 00:00:00.31]   Starting:    ce100-hw3-algo-test-cs&#xD;
[xUnit.net 00:00:00.37]       System.IO.FileNotFoundException : Could not find file 'C:\Users\ebcak\source\repos\ce100-hw3-sln\UnitTest\bin\Release\net6.0\Test\Test.mp3'.&#xD;
[xUnit.net 00:00:00.37]       Stack Trace:&#xD;
[xUnit.net 00:00:00.38]            at System.IO.FileInfo.get_Length()&#xD;
[xUnit.net 00:00:00.38]         C:\Users\ebcak\source\repos\ce100-hw3-sln\UnitTest\UnitTest.cs(215,0): at AlgorithmTests.HuffmanCoding.TextFileAndSoundFileSizeTest()&#xD;
[xUnit.net 00:00:00.38]       System.IO.FileNotFoundException : Could not find file 'C:\Users\ebcak\source\repos\ce100-hw3-sln\UnitTest\bin\Release\net6.0\Test\Test.mp3'.&#xD;
[xUnit.net 00:00:00.38]       Stack Trace:&#xD;
[xUnit.net 00:00:00.38]            at System.IO.FileInfo.get_Length()&#xD;
[xUnit.net 00:00:00.38]         C:\Users\ebcak\source\repos\ce100-hw3-sln\UnitTest\UnitTest.cs(381,0): at AlgorithmTests.HuffmanCodingTest.Mp3FileDecompressTest()&#xD;
[xUnit.net 00:00:00.40]       System.IO.FileNotFoundException : Could not find file 'C:\Users\ebcak\source\repos\ce100-hw3-sln\UnitTest\bin\Release\net6.0\Test\CompressedText'.&#xD;
[xUnit.net 00:00:00.40]       Stack Trace:&#xD;
[xUnit.net 00:00:00.40]            at System.IO.FileInfo.get_Length()&#xD;
[xUnit.net 00:00:00.40]         C:\Users\ebcak\source\repos\ce100-hw3-sln\UnitTest\UnitTest.cs(336,0): at AlgorithmTests.HuffmanCodingTest.TextFileCompressTest()&#xD;
[xUnit.net 00:00:00.40]       System.IO.FileNotFoundException : Could not find file 'C:\Users\ebcak\source\repos\ce100-hw3-sln\UnitTest\bin\Release\net6.0\Test\Test.mp3'.&#xD;
[xUnit.net 00:00:00.40]       Stack Trace:&#xD;
[xUnit.net 00:00:00.40]            at System.IO.FileInfo.get_Length()&#xD;
[xUnit.net 00:00:00.40]         C:\Users\ebcak\source\repos\ce100-hw3-sln\UnitTest\UnitTest.cs(350,0): at AlgorithmTests.HuffmanCodingTest.Mp3FileCompressTest()&#xD;
[xUnit.net 00:00:00.40]       System.IO.FileNotFoundException : Could not find file 'C:\Users\ebcak\source\repos\ce100-hw3-sln\UnitTest\bin\Release\net6.0\Test\Test.txt'.&#xD;
[xUnit.net 00:00:00.40]       Stack Trace:&#xD;
[xUnit.net 00:00:00.40]            at System.IO.FileInfo.get_Length()&#xD;
[xUnit.net 00:00:00.40]         C:\Users\ebcak\source\repos\ce100-hw3-sln\UnitTest\UnitTest.cs(366,0): at AlgorithmTests.HuffmanCodingTest.TextFileDecompressTest()&#xD;
[xUnit.net 00:00:00.40]   Finished:    ce100-hw3-algo-test-cs&#xD;
</StdOut>
    </Output>
    <RunInfos>
      <RunInfo computerName="BURAK" outcome="Min" timestamp="2023-05-10T18:44:11.9273062+03:00">
        <Text>[xUnit.net 00:00:00.37]     AlgorithmTests.HuffmanCoding.TextFileAndSoundFileSizeTest [FAIL]</Text>
      </RunInfo>
      <RunInfo computerName="BURAK" outcome="Min" timestamp="2023-05-10T18:44:11.9302628+03:00">
        <Text>[xUnit.net 00:00:00.38]     AlgorithmTests.HuffmanCodingTest.Mp3FileDecompressTest [FAIL]</Text>
      </RunInfo>
      <RunInfo computerName="BURAK" outcome="Min" timestamp="2023-05-10T18:44:11.9792807+03:00">
        <Text>[xUnit.net 00:00:00.40]     AlgorithmTests.HuffmanCodingTest.TextFileCompressTest [FAIL]</Text>
      </RunInfo>
      <RunInfo computerName="BURAK" outcome="Min" timestamp="2023-05-10T18:44:11.9811872+03:00">
        <Text>[xUnit.net 00:00:00.40]     AlgorithmTests.HuffmanCodingTest.Mp3FileCompressTest [FAIL]</Text>
      </RunInfo>
      <RunInfo computerName="BURAK" outcome="Min" timestamp="2023-05-10T18:44:11.9820500+03:00">
        <Text>[xUnit.net 00:00:00.40]     AlgorithmTests.HuffmanCodingTest.TextFileDecompressTest [FAIL]</Text>
      </RunInfo>
    </RunInfos>
    <CollectorDataEntries>
      <Collector agentName="BURAK" uri="datacollector://microsoft/CoverletCodeCoverage/1.0" collectorDisplayName="XPlat code coverage">
        <UriAttachments>
          <UriAttachment>
            <A href="BURAK\coverage.cobertura.xml"></A>
          </UriAttachment>
        </UriAttachments>
      </Collector>
    </CollectorDataEntries>
  </ResultSummary>
</TestRun>