<?xml version="1.0" encoding="utf-8"?>
<TestRun id="e86a8ff5-f5d1-4366-abd4-5dfd7e91ad5d" name="ebcak@BURAK 2023-05-10 18:28:28" runUser="BURAK\ebcak" xmlns="http://microsoft.com/schemas/VisualStudio/TeamTest/2010">
  <Times creation="2023-05-10T18:28:28.7803878+03:00" queuing="2023-05-10T18:28:28.7803880+03:00" start="2023-05-10T18:28:27.6832053+03:00" finish="2023-05-10T18:28:28.8865038+03:00" />
  <TestSettings name="default" id="751a4d0d-b72b-41b9-8fd6-22f53f55c74b">
    <Deployment runDeploymentRoot="ebcak_BURAK_2023-05-10_18_28_28" />
  </TestSettings>
  <Results>
    <UnitTestResult executionId="bc31b02f-d746-4b87-9b45-1cb8e6e0eadb" testId="0050e996-cd65-4b2c-e417-cbb494a06b91" testName="AlgorithmTests.KruskalAlgorithmTest.BestCase" computerName="BURAK" duration="00:00:00.0017351" startTime="2023-05-10T18:28:28.7370296+03:00" endTime="2023-05-10T18:28:28.7370296+03:00" testType="13cdc9d9-ddb5-4fa4-a97d-d965ccfc6d4b" outcome="Passed" testListId="8c84fa94-04c1-424b-9868-57a2d4851a1d" relativeResultsDirectory="bc31b02f-d746-4b87-9b45-1cb8e6e0eadb" />
    <UnitTestResult executionId="e13c95d5-c99d-4daf-9e98-af375efc03af" testId="a8fa783f-4d58-9073-a3af-ce75d473bae8" testName="AlgorithmTests.HuffmanCodingTest.Mp3FileDecompressTest" computerName="BURAK" duration="00:00:00.0003054" startTime="2023-05-10T18:28:28.7433815+03:00" endTime="2023-05-10T18:28:28.7433816+03:00" testType="13cdc9d9-ddb5-4fa4-a97d-d965ccfc6d4b" outcome="Failed" testListId="8c84fa94-04c1-424b-9868-57a2d4851a1d" relativeResultsDirectory="e13c95d5-c99d-4daf-9e98-af375efc03af">
      <Output>
        <ErrorInfo>
          <Message>System.IO.FileNotFoundException : Could not find file 'C:\Users\ebcak\source\repos\ce100-hw3-sln\UnitTest\bin\Release\net6.0\Test\Test.mp3'.</Message>
          <StackTrace>   at System.IO.FileInfo.get_Length()&#xD;
   at AlgorithmTests.HuffmanCodingTest.Mp3FileDecompressTest() in C:\Users\ebcak\source\repos\ce100-hw3-sln\UnitTest\UnitTest.cs:line 381</StackTrace>
        </ErrorInfo>
      </Output>
    </UnitTestResult>
    <UnitTestResult executionId="f5e55ef6-7cfc-44e8-a104-1a533697c685" testId="6a65c67e-4c6f-d7ae-8dc4-9a32da04c6aa" testName="AlgorithmTests.BelmannFordAlgorithmTest.AverageCase" computerName="BURAK" duration="00:00:00.0020346" startTime="2023-05-10T18:28:28.7370907+03:00" endTime="2023-05-10T18:28:28.7370908+03:00" testType="13cdc9d9-ddb5-4fa4-a97d-d965ccfc6d4b" outcome="Passed" testListId="8c84fa94-04c1-424b-9868-57a2d4851a1d" relativeResultsDirectory="f5e55ef6-7cfc-44e8-a104-1a533697c685" />
    <UnitTestResult executionId="1e92f04c-fa43-4fc9-9c62-ee6a8ec5fa0a" testId="e0aa0750-ed4f-a530-01cb-9ee9e5f17d23" testName="AlgorithmTests.IkeaProblemTest.IkeaProblemAlgorithm" computerName="BURAK" duration="00:00:00.0078500" startTime="2023-05-10T18:28:28.7371537+03:00" endTime="2023-05-10T18:28:28.7371537+03:00" testType="13cdc9d9-ddb5-4fa4-a97d-d965ccfc6d4b" outcome="Passed" testListId="8c84fa94-04c1-424b-9868-57a2d4851a1d" relativeResultsDirectory="1e92f04c-fa43-4fc9-9c62-ee6a8ec5fa0a" />
    <UnitTestResult executionId="d4d8ba1d-c75b-4163-8aa2-a52af0185f83" testId="4d2109aa-e5fc-df95-2684-aa5fbf8f343b" testName="AlgorithmTests.HuffmanCodingTest.TextFileCompressTest" computerName="BURAK" duration="00:00:00.0002474" startTime="2023-05-10T18:28:28.7605365+03:00" endTime="2023-05-10T18:28:28.7605366+03:00" testType="13cdc9d9-ddb5-4fa4-a97d-d965ccfc6d4b" outcome="Failed" testListId="8c84fa94-04c1-424b-9868-57a2d4851a1d" relativeResultsDirectory="d4d8ba1d-c75b-4163-8aa2-a52af0185f83">
      <Output>
        <ErrorInfo>
          <Message>System.IO.FileNotFoundException : Could not find file 'C:\Users\ebcak\source\repos\ce100-hw3-sln\UnitTest\bin\Release\net6.0\Test\CompressedText'.</Message>
          <StackTrace>   at System.IO.FileInfo.get_Length()&#xD;
   at AlgorithmTests.HuffmanCodingTest.TextFileCompressTest() in C:\Users\ebcak\source\repos\ce100-hw3-sln\UnitTest\UnitTest.cs:line 336</StackTrace>
        </ErrorInfo>
      </Output>
    </UnitTestResult>
    <UnitTestResult executionId="036255b8-55b7-47f8-862f-31238c39e66e" testId="1ad14d07-0b19-af31-49ed-d2eeb059e8fa" testName="AlgorithmTests.KruskalAlgorithmTest.AverageCase" computerName="BURAK" duration="00:00:00.0058355" startTime="2023-05-10T18:28:28.7367429+03:00" endTime="2023-05-10T18:28:28.7367429+03:00" testType="13cdc9d9-ddb5-4fa4-a97d-d965ccfc6d4b" outcome="Passed" testListId="8c84fa94-04c1-424b-9868-57a2d4851a1d" relativeResultsDirectory="036255b8-55b7-47f8-862f-31238c39e66e" />
    <UnitTestResult executionId="4225e81b-185a-4380-9634-14dec82a1e05" testId="be36c7e1-bcfb-53d5-a10b-dcdff409b80c" testName="AlgorithmTests.BelmannFordAlgorithmTest.WorstCase" computerName="BURAK" duration="00:00:00.0001682" startTime="2023-05-10T18:28:28.7372774+03:00" endTime="2023-05-10T18:28:28.7372774+03:00" testType="13cdc9d9-ddb5-4fa4-a97d-d965ccfc6d4b" outcome="Passed" testListId="8c84fa94-04c1-424b-9868-57a2d4851a1d" relativeResultsDirectory="4225e81b-185a-4380-9634-14dec82a1e05" />
    <UnitTestResult executionId="6f72d825-c5dc-4f74-b242-3dfc47864392" testId="25730027-421f-8ba8-9061-e68c18789b0d" testName="AlgorithmTests.HuffmanCoding.TextFileAndSoundFileSizeTest" computerName="BURAK" duration="00:00:00.0034314" startTime="2023-05-10T18:28:28.7429387+03:00" endTime="2023-05-10T18:28:28.7429388+03:00" testType="13cdc9d9-ddb5-4fa4-a97d-d965ccfc6d4b" outcome="Failed" testListId="8c84fa94-04c1-424b-9868-57a2d4851a1d" relativeResultsDirectory="6f72d825-c5dc-4f74-b242-3dfc47864392">
      <Output>
        <ErrorInfo>
          <Message>System.IO.FileNotFoundException : Could not find file 'C:\Users\ebcak\source\repos\ce100-hw3-sln\UnitTest\bin\Release\net6.0\Test\Test.mp3'.</Message>
          <StackTrace>   at System.IO.FileInfo.get_Length()&#xD;
   at AlgorithmTests.HuffmanCoding.TextFileAndSoundFileSizeTest() in C:\Users\ebcak\source\repos\ce100-hw3-sln\UnitTest\UnitTest.cs:line 215</StackTrace>
        </ErrorInfo>
      </Output>
    </UnitTestResult>
    <UnitTestResult executionId="21ca6119-c0ac-4495-9501-b8b02fd15105" testId="868c4ea0-4508-2cb0-b2e7-45c99d7d09b7" testName="AlgorithmTests.BelmannFordAlgorithmTest.BestCase" computerName="BURAK" duration="00:00:00.0040916" startTime="2023-05-10T18:28:28.7296566+03:00" endTime="2023-05-10T18:28:28.7296702+03:00" testType="13cdc9d9-ddb5-4fa4-a97d-d965ccfc6d4b" outcome="Passed" testListId="8c84fa94-04c1-424b-9868-57a2d4851a1d" relativeResultsDirectory="21ca6119-c0ac-4495-9501-b8b02fd15105" />
    <UnitTestResult executionId="3e5b85bf-02e2-4712-861a-2c7a7479f361" testId="adf30842-d3db-580b-f996-c41e40929a1a" testName="AlgorithmTests.HuffmanCodingTest.Mp3FileCompressTest" computerName="BURAK" duration="00:00:00.0002276" startTime="2023-05-10T18:28:28.7608420+03:00" endTime="2023-05-10T18:28:28.7608420+03:00" testType="13cdc9d9-ddb5-4fa4-a97d-d965ccfc6d4b" outcome="Failed" testListId="8c84fa94-04c1-424b-9868-57a2d4851a1d" relativeResultsDirectory="3e5b85bf-02e2-4712-861a-2c7a7479f361">
      <Output>
        <ErrorInfo>
          <Message>System.IO.FileNotFoundException : Could not find file 'C:\Users\ebcak\source\repos\ce100-hw3-sln\UnitTest\bin\Release\net6.0\Test\Test.mp3'.</Message>
          <StackTrace>   at System.IO.FileInfo.get_Length()&#xD;
   at AlgorithmTests.HuffmanCodingTest.Mp3FileCompressTest() in C:\Users\ebcak\source\repos\ce100-hw3-sln\UnitTest\UnitTest.cs:line 350</StackTrace>
        </ErrorInfo>
      </Output>
    </UnitTestResult>
    <UnitTestResult executionId="97fbc7fc-90a8-45b2-9e52-70f098a86e83" testId="a6e04862-ca56-4bb1-96ef-ef5b14e7b8aa" testName="AlgorithmTests.KruskalAlgorithmTest.WorstCase" computerName="BURAK" duration="00:00:00.0001357" startTime="2023-05-10T18:28:28.7369097+03:00" endTime="2023-05-10T18:28:28.7369098+03:00" testType="13cdc9d9-ddb5-4fa4-a97d-d965ccfc6d4b" outcome="Passed" testListId="8c84fa94-04c1-424b-9868-57a2d4851a1d" relativeResultsDirectory="97fbc7fc-90a8-45b2-9e52-70f098a86e83" />
    <UnitTestResult executionId="4c32bef3-24fa-426b-bafc-8ab1a4af2b9b" testId="053dba3c-2b7f-e009-1a71-b6824c31a6fb" testName="AlgorithmTests.HuffmanCodingTest.TextFileDecompressTest" computerName="BURAK" duration="00:00:00.0002371" startTime="2023-05-10T18:28:28.7611525+03:00" endTime="2023-05-10T18:28:28.7611526+03:00" testType="13cdc9d9-ddb5-4fa4-a97d-d965ccfc6d4b" outcome="Failed" testListId="8c84fa94-04c1-424b-9868-57a2d4851a1d" relativeResultsDirectory="4c32bef3-24fa-426b-bafc-8ab1a4af2b9b">
      <Output>
        <ErrorInfo>
          <Message>System.IO.FileNotFoundException : Could not find file 'C:\Users\ebcak\source\repos\ce100-hw3-sln\UnitTest\bin\Release\net6.0\Test\Test.txt'.</Message>
          <StackTrace>   at System.IO.FileInfo.get_Length()&#xD;
   at AlgorithmTests.HuffmanCodingTest.TextFileDecompressTest() in C:\Users\ebcak\source\repos\ce100-hw3-sln\UnitTest\UnitTest.cs:line 366</StackTrace>
        </ErrorInfo>
      </Output>
    </UnitTestResult>
  </Results>
  <TestDefinitions>
    <UnitTest name="AlgorithmTests.BelmannFordAlgorithmTest.BestCase" storage="c:\users\ebcak\source\repos\ce100-hw3-sln\unittest\bin\release\net6.0\ce100-hw3-algo-test-cs.dll" id="868c4ea0-4508-2cb0-b2e7-45c99d7d09b7">
      <Execution id="21ca6119-c0ac-4495-9501-b8b02fd15105" />
      <TestMethod codeBase="C:\Users\ebcak\source\repos\ce100-hw3-sln\UnitTest\bin\Release\net6.0\ce100-hw3-algo-test-cs.dll" adapterTypeName="executor://xunit/VsTestRunner2/netcoreapp" className="AlgorithmTests.BelmannFordAlgorithmTest" name="BestCase" />
    </UnitTest>
    <UnitTest name="AlgorithmTests.BelmannFordAlgorithmTest.AverageCase" storage="c:\users\ebcak\source\repos\ce100-hw3-sln\unittest\bin\release\net6.0\ce100-hw3-algo-test-cs.dll" id="6a65c67e-4c6f-d7ae-8dc4-9a32da04c6aa">
      <Execution id="f5e55ef6-7cfc-44e8-a104-1a533697c685" />
      <TestMethod codeBase="C:\Users\ebcak\source\repos\ce100-hw3-sln\UnitTest\bin\Release\net6.0\ce100-hw3-algo-test-cs.dll" adapterTypeName="executor://xunit/VsTestRunner2/netcoreapp" className="AlgorithmTests.BelmannFordAlgorithmTest" name="AverageCase" />
    </UnitTest>
    <UnitTest name="AlgorithmTests.KruskalAlgorithmTest.AverageCase" storage="c:\users\ebcak\source\repos\ce100-hw3-sln\unittest\bin\release\net6.0\ce100-hw3-algo-test-cs.dll" id="1ad14d07-0b19-af31-49ed-d2eeb059e8fa">
      <Execution id="036255b8-55b7-47f8-862f-31238c39e66e" />
      <TestMethod codeBase="C:\Users\ebcak\source\repos\ce100-hw3-sln\UnitTest\bin\Release\net6.0\ce100-hw3-algo-test-cs.dll" adapterTypeName="executor://xunit/VsTestRunner2/netcoreapp" className="AlgorithmTests.KruskalAlgorithmTest" name="AverageCase" />
    </UnitTest>
    <UnitTest name="AlgorithmTests.HuffmanCodingTest.TextFileCompressTest" storage="c:\users\ebcak\source\repos\ce100-hw3-sln\unittest\bin\release\net6.0\ce100-hw3-algo-test-cs.dll" id="4d2109aa-e5fc-df95-2684-aa5fbf8f343b">
      <Execution id="d4d8ba1d-c75b-4163-8aa2-a52af0185f83" />
      <TestMethod codeBase="C:\Users\ebcak\source\repos\ce100-hw3-sln\UnitTest\bin\Release\net6.0\ce100-hw3-algo-test-cs.dll" adapterTypeName="executor://xunit/VsTestRunner2/netcoreapp" className="AlgorithmTests.HuffmanCodingTest" name="TextFileCompressTest" />
    </UnitTest>
    <UnitTest name="AlgorithmTests.IkeaProblemTest.IkeaProblemAlgorithm" storage="c:\users\ebcak\source\repos\ce100-hw3-sln\unittest\bin\release\net6.0\ce100-hw3-algo-test-cs.dll" id="e0aa0750-ed4f-a530-01cb-9ee9e5f17d23">
      <Execution id="1e92f04c-fa43-4fc9-9c62-ee6a8ec5fa0a" />
      <TestMethod codeBase="C:\Users\ebcak\source\repos\ce100-hw3-sln\UnitTest\bin\Release\net6.0\ce100-hw3-algo-test-cs.dll" adapterTypeName="executor://xunit/VsTestRunner2/netcoreapp" className="AlgorithmTests.IkeaProblemTest" name="IkeaProblemAlgorithm" />
    </UnitTest>
    <UnitTest name="AlgorithmTests.KruskalAlgorithmTest.BestCase" storage="c:\users\ebcak\source\repos\ce100-hw3-sln\unittest\bin\release\net6.0\ce100-hw3-algo-test-cs.dll" id="0050e996-cd65-4b2c-e417-cbb494a06b91">
      <Execution id="bc31b02f-d746-4b87-9b45-1cb8e6e0eadb" />
      <TestMethod codeBase="C:\Users\ebcak\source\repos\ce100-hw3-sln\UnitTest\bin\Release\net6.0\ce100-hw3-algo-test-cs.dll" adapterTypeName="executor://xunit/VsTestRunner2/netcoreapp" className="AlgorithmTests.KruskalAlgorithmTest" name="BestCase" />
    </UnitTest>
    <UnitTest name="AlgorithmTests.BelmannFordAlgorithmTest.WorstCase" storage="c:\users\ebcak\source\repos\ce100-hw3-sln\unittest\bin\release\net6.0\ce100-hw3-algo-test-cs.dll" id="be36c7e1-bcfb-53d5-a10b-dcdff409b80c">
      <Execution id="4225e81b-185a-4380-9634-14dec82a1e05" />
      <TestMethod codeBase="C:\Users\ebcak\source\repos\ce100-hw3-sln\UnitTest\bin\Release\net6.0\ce100-hw3-algo-test-cs.dll" adapterTypeName="executor://xunit/VsTestRunner2/netcoreapp" className="AlgorithmTests.BelmannFordAlgorithmTest" name="WorstCase" />
    </UnitTest>
    <UnitTest name="AlgorithmTests.HuffmanCodingTest.Mp3FileCompressTest" storage="c:\users\ebcak\source\repos\ce100-hw3-sln\unittest\bin\release\net6.0\ce100-hw3-algo-test-cs.dll" id="adf30842-d3db-580b-f996-c41e40929a1a">
      <Execution id="3e5b85bf-02e2-4712-861a-2c7a7479f361" />
      <TestMethod codeBase="C:\Users\ebcak\source\repos\ce100-hw3-sln\UnitTest\bin\Release\net6.0\ce100-hw3-algo-test-cs.dll" adapterTypeName="executor://xunit/VsTestRunner2/netcoreapp" className="AlgorithmTests.HuffmanCodingTest" name="Mp3FileCompressTest" />
    </UnitTest>
    <UnitTest name="AlgorithmTests.HuffmanCodingTest.Mp3FileDecompressTest" storage="c:\users\ebcak\source\repos\ce100-hw3-sln\unittest\bin\release\net6.0\ce100-hw3-algo-test-cs.dll" id="a8fa783f-4d58-9073-a3af-ce75d473bae8">
      <Execution id="e13c95d5-c99d-4daf-9e98-af375efc03af" />
      <TestMethod codeBase="C:\Users\ebcak\source\repos\ce100-hw3-sln\UnitTest\bin\Release\net6.0\ce100-hw3-algo-test-cs.dll" adapterTypeName="executor://xunit/VsTestRunner2/netcoreapp" className="AlgorithmTests.HuffmanCodingTest" name="Mp3FileDecompressTest" />
    </UnitTest>
    <UnitTest name="AlgorithmTests.KruskalAlgorithmTest.WorstCase" storage="c:\users\ebcak\source\repos\ce100-hw3-sln\unittest\bin\release\net6.0\ce100-hw3-algo-test-cs.dll" id="a6e04862-ca56-4bb1-96ef-ef5b14e7b8aa">
      <Execution id="97fbc7fc-90a8-45b2-9e52-70f098a86e83" />
      <TestMethod codeBase="C:\Users\ebcak\source\repos\ce100-hw3-sln\UnitTest\bin\Release\net6.0\ce100-hw3-algo-test-cs.dll" adapterTypeName="executor://xunit/VsTestRunner2/netcoreapp" className="AlgorithmTests.KruskalAlgorithmTest" name="WorstCase" />
    </UnitTest>
    <UnitTest name="AlgorithmTests.HuffmanCodingTest.TextFileDecompressTest" storage="c:\users\ebcak\source\repos\ce100-hw3-sln\unittest\bin\release\net6.0\ce100-hw3-algo-test-cs.dll" id="053dba3c-2b7f-e009-1a71-b6824c31a6fb">
      <Execution id="4c32bef3-24fa-426b-bafc-8ab1a4af2b9b" />
      <TestMethod codeBase="C:\Users\ebcak\source\repos\ce100-hw3-sln\UnitTest\bin\Release\net6.0\ce100-hw3-algo-test-cs.dll" adapterTypeName="executor://xunit/VsTestRunner2/netcoreapp" className="AlgorithmTests.HuffmanCodingTest" name="TextFileDecompressTest" />
    </UnitTest>
    <UnitTest name="AlgorithmTests.HuffmanCoding.TextFileAndSoundFileSizeTest" storage="c:\users\ebcak\source\repos\ce100-hw3-sln\unittest\bin\release\net6.0\ce100-hw3-algo-test-cs.dll" id="25730027-421f-8ba8-9061-e68c18789b0d">
      <Execution id="6f72d825-c5dc-4f74-b242-3dfc47864392" />
      <TestMethod codeBase="C:\Users\ebcak\source\repos\ce100-hw3-sln\UnitTest\bin\Release\net6.0\ce100-hw3-algo-test-cs.dll" adapterTypeName="executor://xunit/VsTestRunner2/netcoreapp" className="AlgorithmTests.HuffmanCoding" name="TextFileAndSoundFileSizeTest" />
    </UnitTest>
  </TestDefinitions>
  <TestEntries>
    <TestEntry testId="0050e996-cd65-4b2c-e417-cbb494a06b91" executionId="bc31b02f-d746-4b87-9b45-1cb8e6e0eadb" testListId="8c84fa94-04c1-424b-9868-57a2d4851a1d" />
    <TestEntry testId="a8fa783f-4d58-9073-a3af-ce75d473bae8" executionId="e13c95d5-c99d-4daf-9e98-af375efc03af" testListId="8c84fa94-04c1-424b-9868-57a2d4851a1d" />
    <TestEntry testId="6a65c67e-4c6f-d7ae-8dc4-9a32da04c6aa" executionId="f5e55ef6-7cfc-44e8-a104-1a533697c685" testListId="8c84fa94-04c1-424b-9868-57a2d4851a1d" />
    <TestEntry testId="e0aa0750-ed4f-a530-01cb-9ee9e5f17d23" executionId="1e92f04c-fa43-4fc9-9c62-ee6a8ec5fa0a" testListId="8c84fa94-04c1-424b-9868-57a2d4851a1d" />
    <TestEntry testId="4d2109aa-e5fc-df95-2684-aa5fbf8f343b" executionId="d4d8ba1d-c75b-4163-8aa2-a52af0185f83" testListId="8c84fa94-04c1-424b-9868-57a2d4851a1d" />
    <TestEntry testId="1ad14d07-0b19-af31-49ed-d2eeb059e8fa" executionId="036255b8-55b7-47f8-862f-31238c39e66e" testListId="8c84fa94-04c1-424b-9868-57a2d4851a1d" />
    <TestEntry testId="be36c7e1-bcfb-53d5-a10b-dcdff409b80c" executionId="4225e81b-185a-4380-9634-14dec82a1e05" testListId="8c84fa94-04c1-424b-9868-57a2d4851a1d" />
    <TestEntry testId="25730027-421f-8ba8-9061-e68c18789b0d" executionId="6f72d825-c5dc-4f74-b242-3dfc47864392" testListId="8c84fa94-04c1-424b-9868-57a2d4851a1d" />
    <TestEntry testId="868c4ea0-4508-2cb0-b2e7-45c99d7d09b7" executionId="21ca6119-c0ac-4495-9501-b8b02fd15105" testListId="8c84fa94-04c1-424b-9868-57a2d4851a1d" />
    <TestEntry testId="adf30842-d3db-580b-f996-c41e40929a1a" executionId="3e5b85bf-02e2-4712-861a-2c7a7479f361" testListId="8c84fa94-04c1-424b-9868-57a2d4851a1d" />
    <TestEntry testId="a6e04862-ca56-4bb1-96ef-ef5b14e7b8aa" executionId="97fbc7fc-90a8-45b2-9e52-70f098a86e83" testListId="8c84fa94-04c1-424b-9868-57a2d4851a1d" />
    <TestEntry testId="053dba3c-2b7f-e009-1a71-b6824c31a6fb" executionId="4c32bef3-24fa-426b-bafc-8ab1a4af2b9b" testListId="8c84fa94-04c1-424b-9868-57a2d4851a1d" />
  </TestEntries>
  <TestLists>
    <TestList name="Results Not in a List" id="8c84fa94-04c1-424b-9868-57a2d4851a1d" />
    <TestList name="All Loaded Results" id="19431567-8539-422a-85d7-44ee4e166bda" />
  </TestLists>
  <ResultSummary outcome="Failed">
    <Counters total="12" executed="12" passed="7" failed="5" error="0" timeout="0" aborted="0" inconclusive="0" passedButRunAborted="0" notRunnable="0" notExecuted="0" disconnected="0" warning="0" completed="0" inProgress="0" pending="0" />
    <Output>
      <StdOut>[xUnit.net 00:00:00.00] xUnit.net VSTest Adapter v2.4.5+1caef2f33e (64-bit .NET 6.0.16)&#xD;
[xUnit.net 00:00:00.25]   Discovering: ce100-hw3-algo-test-cs&#xD;
[xUnit.net 00:00:00.27]   Discovered:  ce100-hw3-algo-test-cs&#xD;
[xUnit.net 00:00:00.28]   Starting:    ce100-hw3-algo-test-cs&#xD;
[xUnit.net 00:00:00.33]       System.IO.FileNotFoundException : Could not find file 'C:\Users\ebcak\source\repos\ce100-hw3-sln\UnitTest\bin\Release\net6.0\Test\Test.mp3'.&#xD;
[xUnit.net 00:00:00.33]       Stack Trace:&#xD;
[xUnit.net 00:00:00.33]            at System.IO.FileInfo.get_Length()&#xD;
[xUnit.net 00:00:00.33]         C:\Users\ebcak\source\repos\ce100-hw3-sln\UnitTest\UnitTest.cs(215,0): at AlgorithmTests.HuffmanCoding.TextFileAndSoundFileSizeTest()&#xD;
[xUnit.net 00:00:00.33]       System.IO.FileNotFoundException : Could not find file 'C:\Users\ebcak\source\repos\ce100-hw3-sln\UnitTest\bin\Release\net6.0\Test\Test.mp3'.&#xD;
[xUnit.net 00:00:00.33]       Stack Trace:&#xD;
[xUnit.net 00:00:00.33]            at System.IO.FileInfo.get_Length()&#xD;
[xUnit.net 00:00:00.33]         C:\Users\ebcak\source\repos\ce100-hw3-sln\UnitTest\UnitTest.cs(381,0): at AlgorithmTests.HuffmanCodingTest.Mp3FileDecompressTest()&#xD;
[xUnit.net 00:00:00.35]       System.IO.FileNotFoundException : Could not find file 'C:\Users\ebcak\source\repos\ce100-hw3-sln\UnitTest\bin\Release\net6.0\Test\CompressedText'.&#xD;
[xUnit.net 00:00:00.35]       Stack Trace:&#xD;
[xUnit.net 00:00:00.35]            at System.IO.FileInfo.get_Length()&#xD;
[xUnit.net 00:00:00.35]         C:\Users\ebcak\source\repos\ce100-hw3-sln\UnitTest\UnitTest.cs(336,0): at AlgorithmTests.HuffmanCodingTest.TextFileCompressTest()&#xD;
[xUnit.net 00:00:00.35]       System.IO.FileNotFoundException : Could not find file 'C:\Users\ebcak\source\repos\ce100-hw3-sln\UnitTest\bin\Release\net6.0\Test\Test.mp3'.&#xD;
[xUnit.net 00:00:00.35]       Stack Trace:&#xD;
[xUnit.net 00:00:00.35]            at System.IO.FileInfo.get_Length()&#xD;
[xUnit.net 00:00:00.35]         C:\Users\ebcak\source\repos\ce100-hw3-sln\UnitTest\UnitTest.cs(350,0): at AlgorithmTests.HuffmanCodingTest.Mp3FileCompressTest()&#xD;
[xUnit.net 00:00:00.35]       System.IO.FileNotFoundException : Could not find file 'C:\Users\ebcak\source\repos\ce100-hw3-sln\UnitTest\bin\Release\net6.0\Test\Test.txt'.&#xD;
[xUnit.net 00:00:00.35]       Stack Trace:&#xD;
[xUnit.net 00:00:00.35]            at System.IO.FileInfo.get_Length()&#xD;
[xUnit.net 00:00:00.35]         C:\Users\ebcak\source\repos\ce100-hw3-sln\UnitTest\UnitTest.cs(366,0): at AlgorithmTests.HuffmanCodingTest.TextFileDecompressTest()&#xD;
[xUnit.net 00:00:00.35]   Finished:    ce100-hw3-algo-test-cs&#xD;
</StdOut>
    </Output>
    <RunInfos>
      <RunInfo computerName="BURAK" outcome="Min" timestamp="2023-05-10T18:28:28.7405955+03:00">
        <Text>[xUnit.net 00:00:00.33]     AlgorithmTests.HuffmanCoding.TextFileAndSoundFileSizeTest [FAIL]</Text>
      </RunInfo>
      <RunInfo computerName="BURAK" outcome="Min" timestamp="2023-05-10T18:28:28.7433639+03:00">
        <Text>[xUnit.net 00:00:00.33]     AlgorithmTests.HuffmanCodingTest.Mp3FileDecompressTest [FAIL]</Text>
      </RunInfo>
      <RunInfo computerName="BURAK" outcome="Min" timestamp="2023-05-10T18:28:28.7908272+03:00">
        <Text>[xUnit.net 00:00:00.35]     AlgorithmTests.HuffmanCodingTest.TextFileCompressTest [FAIL]</Text>
      </RunInfo>
      <RunInfo computerName="BURAK" outcome="Min" timestamp="2023-05-10T18:28:28.7923946+03:00">
        <Text>[xUnit.net 00:00:00.35]     AlgorithmTests.HuffmanCodingTest.Mp3FileCompressTest [FAIL]</Text>
      </RunInfo>
      <RunInfo computerName="BURAK" outcome="Min" timestamp="2023-05-10T18:28:28.7931649+03:00">
        <Text>[xUnit.net 00:00:00.35]     AlgorithmTests.HuffmanCodingTest.TextFileDecompressTest [FAIL]</Text>
      </RunInfo>
    </RunInfos>
    <CollectorDataEntries>
      <Collector agentName="BURAK" uri="datacollector://microsoft/CoverletCodeCoverage/1.0" collectorDisplayName="XPlat code coverage">
        <UriAttachments>
          <UriAttachment>
            <A href="BURAK\coverage.cobertura.xml"></A>
          </UriAttachment>
        </UriAttachments>
      </Collector>
    </CollectorDataEntries>
  </ResultSummary>
</TestRun>